
[0m[2m[35m$[0m [2m[1mvue-tsc --noEmit && vite build[0m
[96msrc/App.vue[0m:[93m46[0m:[93m39[0m - [91merror[0m[90m TS2306: [0mFile '/home/ash/Documents/cashflow/client/src/utils/setupAnimations.ts' is not a module.

[7m46[0m import { setupGlobalAnimations } from '@/utils/setupAnimations';
[7m  [0m [91m                                      ~~~~~~~~~~~~~~~~~~~~~~~~~[0m

[96msrc/App.vue[0m:[93m117[0m:[93m9[0m - [91merror[0m[90m TS2322: [0mType 'void' is not assignable to type '() => void'.

[7m117[0m   const unsubscribe: () => void = onMessage((message: WsMessage) => {
[7m   [0m [91m        ~~~~~~~~~~~[0m

[96msrc/components/AnimatedIcons/WheelIcon.vue[0m:[93m8[0m:[93m11[0m - [91merror[0m[90m TS2339: [0mProperty 'currentUser' does not exist on type '_StoreWithState<"user", Pick<{ profileUpdate: { isLoading: boolean; error: Error | null; data: UserWithProfile | null; }; cashtagUpdate: { isLoading: boolean; error: Error | null; data: UserWithProfile | null; }; ... 12 more ...; clearActionError: (this: UserStore, errorType: keyof UserState) => void; }, "referrals"...'.

[7m8[0m   const { currentUser } = useUserStore();
[7m [0m [91m          ~~~~~~~~~~~[0m

[96msrc/components/common/GlassButton.vue[0m:[93m6[0m:[93m7[0m - [91merror[0m[90m TS2552: [0mCannot find name 'navigateTo'. Did you mean 'navigator'?

[7m6[0m       navigateTo(props.to);
[7m [0m [91m      ~~~~~~~~~~[0m

  [96m../node_modules/typescript/lib/lib.dom.d.ts[0m:[93m28613[0m:[93m13[0m
    [7m28613[0m declare var navigator: Navigator;
    [7m     [0m [96m            ~~~~~~~~~[0m
    'navigator' is declared here.

[96msrc/components/common/VSprite.vue[0m:[93m32[0m:[93m5[0m - [91merror[0m[90m TS7034: [0mVariable 'index' implicitly has type 'any' in some locations where its type cannot be determined.

[7m32[0m let index;
[7m  [0m [91m    ~~~~~[0m

[96msrc/components/common/VSprite.vue[0m:[93m34[0m:[93m20[0m - [91merror[0m[90m TS7005: [0mVariable 'index' implicitly has an 'any' type.

[7m34[0m   if (frames.value[index] !== undefined) {
[7m  [0m [91m                   ~~~~~[0m

[96msrc/components/common/VSprite.vue[0m:[93m35[0m:[93m22[0m - [91merror[0m[90m TS7005: [0mVariable 'index' implicitly has an 'any' type.

[7m35[0m     if (frames.value[index].rotated) {
[7m  [0m [91m                     ~~~~~[0m

[96msrc/components/common/VSprite.vue[0m:[93m35[0m:[93m29[0m - [91merror[0m[90m TS2339: [0mProperty 'rotated' does not exist on type 'never'.

[7m35[0m     if (frames.value[index].rotated) {
[7m  [0m [91m                            ~~~~~~~[0m

[96msrc/components/common/VSprite.vue[0m:[93m44[0m:[93m29[0m - [91merror[0m[90m TS2339: [0mProperty 'x' does not exist on type 'never'.

[7m44[0m     x = frames.value[index].x;
[7m  [0m [91m                            ~[0m

[96msrc/components/common/VSprite.vue[0m:[93m45[0m:[93m29[0m - [91merror[0m[90m TS2339: [0mProperty 'y' does not exist on type 'never'.

[7m45[0m     y = frames.value[index].y;
[7m  [0m [91m                            ~[0m

[96msrc/components/common/VSprite.vue[0m:[93m48[0m:[93m9[0m - [91merror[0m[90m TS2345: [0mArgument of type 'null' is not assignable to parameter of type 'CanvasImageSource'.

[7m48[0m         sprite.value,
[7m  [0m [91m        ~~~~~~~~~~~~[0m

[96msrc/components/common/VSprite.vue[0m:[93m64[0m:[93m29[0m - [91merror[0m[90m TS2339: [0mProperty 'x' does not exist on type 'never'.

[7m64[0m     x = frames.value[index].x;
[7m  [0m [91m                            ~[0m

[96msrc/components/common/VSprite.vue[0m:[93m65[0m:[93m29[0m - [91merror[0m[90m TS2339: [0mProperty 'y' does not exist on type 'never'.

[7m65[0m     y = frames.value[index].y;
[7m  [0m [91m                            ~[0m

[96msrc/components/common/VSprite.vue[0m:[93m70[0m:[93m5[0m - [91merror[0m[90m TS18047: [0m'ctx.value' is possibly 'null'.

[7m70[0m     ctx.value.drawImage(
[7m  [0m [91m    ~~~~~~~~~[0m

[96msrc/components/common/VSprite.vue[0m:[93m71[0m:[93m7[0m - [91merror[0m[90m TS2345: [0mArgument of type 'null' is not assignable to parameter of type 'CanvasImageSource'.

[7m71[0m       sprite.value,
[7m  [0m [91m      ~~~~~~~~~~~~[0m

[96msrc/components/common/VSprite.vue[0m:[93m92[0m:[93m3[0m - [91merror[0m[90m TS2322: [0mType 'number' is not assignable to type 'null'.

[7m92[0m   animationFrameID.value = window.requestAnimationFrame(loop);
[7m  [0m [91m  ~~~~~~~~~~~~~~~~~~~~~~[0m

[96msrc/components/common/VSprite.vue[0m:[93m98[0m:[93m15[0m - [91merror[0m[90m TS7006: [0mParameter 'from' implicitly has an 'any' type.

[7m98[0m function play(from) {
[7m  [0m [91m              ~~~~[0m

[96msrc/components/common/VSprite.vue[0m:[93m99[0m:[93m40[0m - [91merror[0m[90m TS7005: [0mVariable 'index' implicitly has an 'any' type.

[7m99[0m   index = Number.isNaN(Number(from)) ? index.value : from;
[7m  [0m [91m                                       ~~~~~[0m

[96msrc/components/common/VSprite.vue[0m:[93m104[0m:[93m3[0m - [91merror[0m[90m TS2322: [0mType 'HTMLImageElement' is not assignable to type 'null'.

[7m104[0m   sprite.value = new Image();
[7m   [0m [91m  ~~~~~~~~~~~~[0m

[96msrc/components/common/VSprite.vue[0m:[93m105[0m:[93m3[0m - [91merror[0m[90m TS18047: [0m'sprite.value' is possibly 'null'.

[7m105[0m   sprite.value.src = spritesheet;
[7m   [0m [91m  ~~~~~~~~~~~~[0m

[96msrc/components/common/VSprite.vue[0m:[93m106[0m:[93m3[0m - [91merror[0m[90m TS18047: [0m'sprite.value' is possibly 'null'.

[7m106[0m   sprite.value.onload = () => {
[7m   [0m [91m  ~~~~~~~~~~~~[0m

[96msrc/components/common/VSprite.vue[0m:[93m116[0m:[93m17[0m - [91merror[0m[90m TS18046: [0m'value' is of type 'unknown'.

[7m116[0m       const f = value.frame;
[7m   [0m [91m                ~~~~~[0m

[96msrc/components/common/VSprite.vue[0m:[93m117[0m:[93m19[0m - [91merror[0m[90m TS18046: [0m'value' is of type 'unknown'.

[7m117[0m       f.rotated = value.rotated;
[7m   [0m [91m                  ~~~~~[0m

[96msrc/components/common/VSprite.vue[0m:[93m122[0m:[93m27[0m - [91merror[0m[90m TS2345: [0mArgument of type 'any' is not assignable to parameter of type 'never'.

[7m122[0m         frames.value.push(f);
[7m   [0m [91m                          ~[0m

[96msrc/components/common/VSprite.vue[0m:[93m132[0m:[93m27[0m - [91merror[0m[90m TS2345: [0mArgument of type 'any' is not assignable to parameter of type 'never'.

[7m132[0m         frames.value.push(newObj);
[7m   [0m [91m                          ~~~~~~[0m

[96msrc/components/common/VSprite.vue[0m:[93m138[0m:[93m21[0m - [91merror[0m[90m TS2345: [0mArgument of type '(a: never, b: never) => boolean' is not assignable to parameter of type '(a: never, b: never) => number'.
  Type 'boolean' is not assignable to type 'number'.

[7m138[0m   frames.value.sort((a, b) => a.filename < b.filename);
[7m   [0m [91m                    ~~~~~~~~~~~~~~~~~~~~~~~~~~~~~~~~~[0m

[96msrc/components/common/VSprite.vue[0m:[93m138[0m:[93m33[0m - [91merror[0m[90m TS2339: [0mProperty 'filename' does not exist on type 'never'.

[7m138[0m   frames.value.sort((a, b) => a.filename < b.filename);
[7m   [0m [91m                                ~~~~~~~~[0m

[96msrc/components/common/VSprite.vue[0m:[93m138[0m:[93m46[0m - [91merror[0m[90m TS2339: [0mProperty 'filename' does not exist on type 'never'.

[7m138[0m   frames.value.sort((a, b) => a.filename < b.filename);
[7m   [0m [91m                                             ~~~~~~~~[0m

[96msrc/components/common/VSprite.vue[0m:[93m139[0m:[93m33[0m - [91merror[0m[90m TS2339: [0mProperty 'w' does not exist on type 'never'.

[7m139[0m   width.value = frames.value[0].w;
[7m   [0m [91m                                ~[0m

[96msrc/components/common/VSprite.vue[0m:[93m140[0m:[93m34[0m - [91merror[0m[90m TS2339: [0mProperty 'h' does not exist on type 'never'.

[7m140[0m   height.value = frames.value[0].h;
[7m   [0m [91m                                 ~[0m

[96msrc/components/home/SettingsView.vue[0m:[93m19[0m:[93m15[0m - [91merror[0m[90m TS2339: [0mProperty 'isAuthenticated' does not exist on type 'Store<"user", Pick<{ profileUpdate: { isLoading: boolean; error: Error | null; data: UserWithProfile | null; }; cashtagUpdate: { isLoading: boolean; error: Error | null; data: UserWithProfile | null; }; ... 12 more ...; clearActionError: (this: UserStore, errorType: keyof UserState) => void; }, "referrals" | ... 5 m...'.

[7m19[0m     userStore.isAuthenticated = false;
[7m  [0m [91m              ~~~~~~~~~~~~~~~[0m

[96msrc/components/layout/FooterBar.vue[0m:[93m18[0m:[93m33[0m - [91merror[0m[90m TS2339: [0mProperty 'currentUser' does not exist on type 'Store<"user", Pick<{ profileUpdate: { isLoading: boolean; error: Error | null; data: UserWithProfile | null; }; cashtagUpdate: { isLoading: boolean; error: Error | null; data: UserWithProfile | null; }; ... 12 more ...; clearActionError: (this: UserStore, errorType: keyof UserState) => void; }, "referrals" | ... 5 m...'.

[7m18[0m   const currentUser = userStore.currentUser;
[7m  [0m [91m                                ~~~~~~~~~~~[0m

[96msrc/components/layout/FooterBarMobile.vue[0m:[93m18[0m:[93m33[0m - [91merror[0m[90m TS2339: [0mProperty 'currentUser' does not exist on type 'Store<"user", Pick<{ profileUpdate: { isLoading: boolean; error: Error | null; data: UserWithProfile | null; }; cashtagUpdate: { isLoading: boolean; error: Error | null; data: UserWithProfile | null; }; ... 12 more ...; clearActionError: (this: UserStore, errorType: keyof UserState) => void; }, "referrals" | ... 5 m...'.

[7m18[0m   const currentUser = userStore.currentUser;
[7m  [0m [91m                                ~~~~~~~~~~~[0m

[96msrc/components/layout/LayoutAuthenticated.vue[0m:[93m100[0m:[93m14[0m - [91merror[0m[90m TS2339: [0mProperty 'isConnected' does not exist on type 'CreateComponentPublicInstanceWithMixins<ToResolvedProps<{}, {}>, {}, {}, {}, {}, ComponentOptionsMixin, ComponentOptionsMixin, {}, PublicProps, ... 16 more ..., {}>'.

[7m100[0m //     v-if="isConnected"
[7m   [0m [91m             ~~~~~~~~~~~[0m

[96msrc/components/layout/LayoutAuthenticated.vue[0m:[93m109[0m:[93m69[0m - [91merror[0m[90m TS2339: [0mProperty 'runTest' does not exist on type 'CreateComponentPublicInstanceWithMixins<ToResolvedProps<{}, {}>, {}, {}, {}, {}, ComponentOptionsMixin, ComponentOptionsMixin, {}, PublicProps, ... 16 more ..., {}>'.

[7m109[0m //     <img src="/images/connection-high.png" h="10" w="15" @click="runTest" />
[7m   [0m [91m                                                                    ~~~~~~~[0m

[96msrc/components/layout/LayoutAuthenticated.vue[0m:[93m149[0m:[93m58[0m - [91merror[0m[90m TS2339: [0mProperty 'settingsModal' does not exist on type 'CreateComponentPublicInstanceWithMixins<ToResolvedProps<{}, {}>, {}, {}, {}, {}, ComponentOptionsMixin, ComponentOptionsMixin, {}, PublicProps, ... 16 more ..., {}>'.

[7m149[0m //       <SettingsView :has-cancel="false" :model-value="settingsModal" />
[7m   [0m [91m                                                         ~~~~~~~~~~~~~[0m

[96msrc/components/layout/LayoutAuthenticated.vue[0m:[93m151[0m:[93m26[0m - [91merror[0m[90m TS2339: [0mProperty 'depositStore' does not exist on type 'CreateComponentPublicInstanceWithMixins<ToResolvedProps<{}, {}>, {}, {}, {}, {}, ComponentOptionsMixin, ComponentOptionsMixin, {}, PublicProps, ... 16 more ..., {}>'.

[7m151[0m //       <ShopView v-if="depositStore.shopOpen" />
[7m   [0m [91m                         ~~~~~~~~~~~~[0m

[96msrc/components/layout/TopBar.vue[0m:[93m17[0m:[93m11[0m - [91merror[0m[90m TS2339: [0mProperty 'currentUser' does not exist on type '_StoreWithState<"user", Pick<{ profileUpdate: { isLoading: boolean; error: Error | null; data: UserWithProfile | null; }; cashtagUpdate: { isLoading: boolean; error: Error | null; data: UserWithProfile | null; }; ... 12 more ...; clearActionError: (this: UserStore, errorType: keyof UserState) => void; }, "referrals"...'.

[7m17[0m   const { currentUser, currentProfile } = useUserStore();
[7m  [0m [91m          ~~~~~~~~~~~[0m

[96msrc/components/layout/TopBar.vue[0m:[93m17[0m:[93m24[0m - [91merror[0m[90m TS2339: [0mProperty 'currentProfile' does not exist on type '_StoreWithState<"user", Pick<{ profileUpdate: { isLoading: boolean; error: Error | null; data: UserWithProfile | null; }; cashtagUpdate: { isLoading: boolean; error: Error | null; data: UserWithProfile | null; }; ... 12 more ...; clearActionError: (this: UserStore, errorType: keyof UserState) => void; }, "referrals"...'.

[7m17[0m   const { currentUser, currentProfile } = useUserStore();
[7m  [0m [91m                       ~~~~~~~~~~~~~~[0m

[96msrc/components/layout/TopBarMobile.vue[0m:[93m77[0m:[93m27[0m - [91merror[0m[90m TS2339: [0mProperty 'record' does not exist on type 'DepositHistoryItem[]'.

[7m77[0m       depositItems.value?.record.splice(0, 3);
[7m  [0m [91m                          ~~~~~~[0m

[96msrc/components/layout/TopBarMobile.vue[0m:[93m182[0m:[93m62[0m - [91merror[0m[90m TS2339: [0mProperty 'record' does not exist on type 'DepositHistoryItem[]'.

[7m182[0m   if (depositItems.value !== undefined && depositItems.value.record.length > 0) {
[7m   [0m [91m                                                             ~~~~~~[0m

[96msrc/components/layout/TopBarMobile.vue[0m:[93m183[0m:[93m24[0m - [91merror[0m[90m TS2339: [0mProperty 'record' does not exist on type 'DepositHistoryItem[]'.

[7m183[0m     depositItems.value.record.forEach((item) => {
[7m   [0m [91m                       ~~~~~~[0m

[96msrc/components/layout/TopBarMobile.vue[0m:[93m183[0m:[93m40[0m - [91merror[0m[90m TS7006: [0mParameter 'item' implicitly has an 'any' type.

[7m183[0m     depositItems.value.record.forEach((item) => {
[7m   [0m [91m                                       ~~~~[0m

[96msrc/components/shop/SelectProduct.vue[0m:[93m6[0m:[93m30[0m - [91merror[0m[90m TS2307: [0mCannot find module 'shared/prisma/interfaces' or its corresponding type declarations.

[7m6[0m import type { Product } from 'shared/prisma/interfaces';
[7m [0m [91m                             ~~~~~~~~~~~~~~~~~~~~~~~~~~[0m

[96msrc/components/shop/SelectProduct.vue[0m:[93m93[0m:[93m1[0m - [91merror[0m[90m TS18048: [0m'_productList' is possibly 'undefined'.

[7m93[0m _productList.forEach((item: Product) => {
[7m  [0m [91m~~~~~~~~~~~~[0m

[96msrc/components/shop/SelectProduct.vue[0m:[93m98[0m:[93m3[0m - [91merror[0m[90m TS2589: [0mType instantiation is excessively deep and possibly infinite.

[7m98[0m   productList.value.push(pWithSel);
[7m  [0m [91m  ~~~~~~~~~~~~~~~~~~~~~~~~~~~~~~~~[0m

[96msrc/components/shop/ShopView.vue[0m:[93m51[0m:[93m3[0m - [91merror[0m[90m TS2353: [0mObject literal may only specify known properties, and 'type' does not exist in type 'ProductWithSelected'.

[7m51[0m   type: '',
[7m  [0m [91m  ~~~~[0m

[96msrc/components/shop/ShopView.vue[0m:[93m144[0m:[93m54[0m - [91merror[0m[90m TS2339: [0mProperty 'data' does not exist on type '{ total_pages: number; record: { id: number; created_at: number; type: string; createdAt: Date; product: { id?: string | undefined; createdAt?: Date | undefined; updatedAt?: Date | null | undefined; ... 13 more ...; shopId?: string | ... 1 more ... | undefined; } | null; amount: string; status: "PENDING" | ... 8 mor...'.

[7m144[0m   for (const item of depositStore.depositHistoryItem.data.record) {
[7m   [0m [91m                                                     ~~~~[0m

[96msrc/components/shop/StoreId.vue[0m:[93m20[0m:[93m5[0m - [91merror[0m[90m TS2552: [0mCannot find name 'showConfirmDialog'. Did you mean 'useConfirmDialog'?

[7m20[0m     showConfirmDialog({
[7m  [0m [91m    ~~~~~~~~~~~~~~~~~[0m

  [96msrc/types/auto/auto-imports.d.ts[0m:[93m161[0m:[93m9[0m
    [7m161[0m   const useConfirmDialog: typeof import('@vueuse/core')['useConfirmDialog']
    [7m   [0m [96m        ~~~~~~~~~~~~~~~~[0m
    'useConfirmDialog' is declared here.

[96msrc/components/shop/StoreId.vue[0m:[93m105[0m:[93m17[0m - [91merror[0m[90m TS2339: [0mProperty '$bus' does not exist on type 'CreateComponentPublicInstanceWithMixins<ToResolvedProps<{}, {}>, { currentUser: any; _storeId: Ref<any, any>; }, {}, {}, {}, ComponentOptionsMixin, ComponentOptionsMixin, ... 18 more ..., {}>'.

[7m105[0m         @click="$bus.$emit(eventTypes.shop_next, 2)"
[7m   [0m [91m                ~~~~[0m

[96msrc/components/shop/StoreId.vue[0m:[93m105[0m:[93m28[0m - [91merror[0m[90m TS2339: [0mProperty 'eventTypes' does not exist on type 'CreateComponentPublicInstanceWithMixins<ToResolvedProps<{}, {}>, { currentUser: any; _storeId: Ref<any, any>; }, {}, {}, {}, ComponentOptionsMixin, ComponentOptionsMixin, ... 18 more ..., {}>'.

[7m105[0m         @click="$bus.$emit(eventTypes.shop_next, 2)"
[7m   [0m [91m                           ~~~~~~~~~~[0m

[96msrc/components/vip/components/benefits/index.vue[0m:[93m5[0m:[93m26[0m - [91merror[0m[90m TS2307: [0mCannot find module '@/store/vip' or its corresponding type declarations.

[7m5[0m import { vipStore } from "@/store/vip";
[7m [0m [91m                         ~~~~~~~~~~~~~[0m

[96msrc/components/vip/components/benefits/index.vue[0m:[93m115[0m:[93m47[0m - [91merror[0m[90m TS2322: [0mType '{ icon: string; title: any; vip: string; info: string[]; }' is not assignable to type 'PropertyKey | undefined'.

[7m115[0m             <div v-for="item in vipCardInfo" :key="item">
[7m   [0m [91m                                              ~~~[0m

  [96m../node_modules/@vue/runtime-dom/dist/runtime-dom.d.ts[0m:[93m1354[0m:[93m5[0m
    [7m1354[0m     key?: PropertyKey;
    [7m    [0m [96m    ~~~[0m
    The expected type comes from property 'key' which is declared here on type 'HTMLAttributes & ReservedProps & Record<string, unknown>'

[96msrc/components/vip/components/progress/index.vue[0m:[93m6[0m:[93m26[0m - [91merror[0m[90m TS2307: [0mCannot find module '@/store/vip' or its corresponding type declarations.

[7m6[0m import { vipStore } from "@/store/vip";
[7m [0m [91m                         ~~~~~~~~~~~~~[0m

[96msrc/components/vip/components/progress/index.vue[0m:[93m17[0m:[93m39[0m - [91merror[0m[90m TS2307: [0mCannot find module '@/store/bonusTransaction' or its corresponding type declarations.

[7m17[0m import { bonusTransactionStore } from "@/store/bonusTransaction";
[7m  [0m [91m                                      ~~~~~~~~~~~~~~~~~~~~~~~~~~[0m

[96msrc/components/vip/components/progress/index.vue[0m:[93m18[0m:[93m31[0m - [91merror[0m[90m TS2307: [0mCannot find module '@/store/refferal' or its corresponding type declarations.

[7m18[0m import { refferalStore } from "@/store/refferal";
[7m  [0m [91m                              ~~~~~~~~~~~~~~~~~~[0m

[96msrc/components/vip/components/progress/index.vue[0m:[93m19[0m:[93m29[0m - [91merror[0m[90m TS2307: [0mCannot find module '@/store/appBar' or its corresponding type declarations.

[7m19[0m import { appBarStore } from "@/store/appBar";
[7m  [0m [91m                            ~~~~~~~~~~~~~~~~[0m

[96msrc/components/vip/components/vip_bonus/index.vue[0m:[93m5[0m:[93m26[0m - [91merror[0m[90m TS2307: [0mCannot find module '@/store/vip' or its corresponding type declarations.

[7m5[0m import { vipStore } from "@/store/vip";
[7m [0m [91m                         ~~~~~~~~~~~~~[0m

[96msrc/components/vip/components/vip_upgrade_dialog/index.vue[0m:[93m6[0m:[93m26[0m - [91merror[0m[90m TS2307: [0mCannot find module '@/store/vip' or its corresponding type declarations.

[7m6[0m import { vipStore } from "@/store/vip";
[7m [0m [91m                         ~~~~~~~~~~~~~[0m

[96msrc/components/vip/components/vip_uprank_dialog/index.vue[0m:[93m6[0m:[93m26[0m - [91merror[0m[90m TS2307: [0mCannot find module '@/store/vip' or its corresponding type declarations.

[7m6[0m import { vipStore } from "@/store/vip";
[7m [0m [91m                         ~~~~~~~~~~~~~[0m

[96msrc/components/vip/index.vue[0m:[93m514[0m:[93m10[0m - [91merror[0m[90m TS2339: [0mProperty 'item' does not exist on type 'CreateComponentPublicInstanceWithMixins<ToResolvedProps<{}, {}>, { t: ComposerTranslation<{ [x: string]: LocaleMessage<VueMessageType>; }, string, RemoveIndexSignature<{ [x: string]: LocaleMessageValue<VueMessageType>; }>, never, never, never>; ... 29 more ...; handleVIPTab: () => void; }, ... 23 more ..., {}>'.

[7m514[0m       {{ item.vipGrade }}
[7m   [0m [91m         ~~~~[0m

[96msrc/components/vip/index.vue[0m:[93m518[0m:[93m13[0m - [91merror[0m[90m TS2339: [0mProperty 'item' does not exist on type 'CreateComponentPublicInstanceWithMixins<ToResolvedProps<{}, {}>, { t: ComposerTranslation<{ [x: string]: LocaleMessage<VueMessageType>; }, string, RemoveIndexSignature<{ [x: string]: LocaleMessageValue<VueMessageType>; }>, never, never, never>; ... 29 more ...; handleVIPTab: () => void; }, ... 23 more ..., {}>'.

[7m518[0m       R$ {{ item.currentDepositAmount }} / R$ {{ item.totalDepositAmount }}
[7m   [0m [91m            ~~~~[0m

[96msrc/components/vip/index.vue[0m:[93m518[0m:[93m50[0m - [91merror[0m[90m TS2339: [0mProperty 'item' does not exist on type 'CreateComponentPublicInstanceWithMixins<ToResolvedProps<{}, {}>, { t: ComposerTranslation<{ [x: string]: LocaleMessage<VueMessageType>; }, string, RemoveIndexSignature<{ [x: string]: LocaleMessageValue<VueMessageType>; }>, never, never, never>; ... 29 more ...; handleVIPTab: () => void; }, ... 23 more ..., {}>'.

[7m518[0m       R$ {{ item.currentDepositAmount }} / R$ {{ item.totalDepositAmount }}
[7m   [0m [91m                                                 ~~~~[0m

[96msrc/components/vip/index.vue[0m:[93m522[0m:[93m13[0m - [91merror[0m[90m TS2339: [0mProperty 'item' does not exist on type 'CreateComponentPublicInstanceWithMixins<ToResolvedProps<{}, {}>, { t: ComposerTranslation<{ [x: string]: LocaleMessage<VueMessageType>; }, string, RemoveIndexSignature<{ [x: string]: LocaleMessageValue<VueMessageType>; }>, never, never, never>; ... 29 more ...; handleVIPTab: () => void; }, ... 23 more ..., {}>'.

[7m522[0m       R$ {{ item.currentWagerAmount }} / R$ {{ item.totalWagerAmount }}
[7m   [0m [91m            ~~~~[0m

[96msrc/components/vip/index.vue[0m:[93m522[0m:[93m48[0m - [91merror[0m[90m TS2339: [0mProperty 'item' does not exist on type 'CreateComponentPublicInstanceWithMixins<ToResolvedProps<{}, {}>, { t: ComposerTranslation<{ [x: string]: LocaleMessage<VueMessageType>; }, string, RemoveIndexSignature<{ [x: string]: LocaleMessageValue<VueMessageType>; }>, never, never, never>; ... 29 more ...; handleVIPTab: () => void; }, ... 23 more ..., {}>'.

[7m522[0m       R$ {{ item.currentWagerAmount }} / R$ {{ item.totalWagerAmount }}
[7m   [0m [91m                                               ~~~~[0m

[96msrc/components/vip/index.vue[0m:[93m917[0m:[93m30[0m - [91merror[0m[90m TS2322: [0mType 'number | undefined' is not assignable to type 'number | number[]'.
  Type 'undefined' is not assignable to type 'number | number[]'.

[7m917[0m                   <MazSlider v-model="item.missionRate" height="17" class="mission-progress">
[7m   [0m [91m                             ~~~~~~~[0m

  [96m../node_modules/maz-ui/types/components/MazSlider.vue.d.ts[0m:[93m55[0m:[93m5[0m
    [7m55[0m     modelValue: {
    [7m  [0m [96m    ~~~~~~~~~~[0m
    The expected type comes from property 'modelValue' which is declared here on type 'Partial<{ size: string; color: Color; labels: unknown[]; max: number; min: number; noDivider: boolean; log: boolean; noCursorAnim: boolean; }> & Omit<{ readonly color: Color; readonly modelValue: number | number[]; ... 7 more ...; readonly "onUpdate:model-value"?: ((...args: any[]) => any) | undefined; } & VNodeProp...'

[96msrc/components/vip/index.vue[0m:[93m955[0m:[93m30[0m - [91merror[0m[90m TS2322: [0mType 'number | undefined' is not assignable to type 'number | number[]'.
  Type 'undefined' is not assignable to type 'number | number[]'.

[7m955[0m                   <MazSlider v-model="item.missionRate" height="17" class="mission-progress">
[7m   [0m [91m                             ~~~~~~~[0m

  [96m../node_modules/maz-ui/types/components/MazSlider.vue.d.ts[0m:[93m55[0m:[93m5[0m
    [7m55[0m     modelValue: {
    [7m  [0m [96m    ~~~~~~~~~~[0m
    The expected type comes from property 'modelValue' which is declared here on type 'Partial<{ size: string; color: Color; labels: unknown[]; max: number; min: number; noDivider: boolean; log: boolean; noCursorAnim: boolean; }> & Omit<{ readonly color: Color; readonly modelValue: number | number[]; ... 7 more ...; readonly "onUpdate:model-value"?: ((...args: any[]) => any) | undefined; } & VNodeProp...'

[96msrc/components/vip/index.vue[0m:[93m1052[0m:[93m18[0m - [91merror[0m[90m TS2322: [0mType 'string' is not assignable to type 'number'.

[7m1052[0m         <MazTabs v-model="descriptionTab">
[7m    [0m [91m                 ~~~~~~~[0m

  [96m../node_modules/maz-ui/types/components/MazTabs.vue.d.ts[0m:[93m4[0m:[93m5[0m
    [7m4[0m     modelValue?: number;
    [7m [0m [96m    ~~~~~~~~~~[0m
    The expected type comes from property 'modelValue' which is declared here on type '{ readonly modelValue?: number | undefined; readonly "onUpdate:model-value"?: ((value: number) => any) | undefined; } & VNodeProps & AllowedComponentProps & ComponentCustomProps & Record<...>'

[96msrc/components/vip/index.vue[0m:[93m1236[0m:[93m13[0m - [91merror[0m[90m TS2322: [0mType 'true' is not assignable to type 'string | Icon | undefined'.

[7m1236[0m             icon
[7m    [0m [91m            ~~~~[0m

  [96m../node_modules/maz-ui/types/components/MazBtn.vue.d.ts[0m:[93m80[0m:[93m5[0m
    [7m80[0m     icon?: string | Icon;
    [7m  [0m [96m    ~~~~[0m
    The expected type comes from property 'icon' which is declared here on type '{ readonly variant?: "link" | "button" | undefined; readonly size?: Size | undefined; readonly color?: Color | undefined; readonly type?: "reset" | "submit" | "button" | undefined; ... 15 more ...; readonly justify?: "start" | ... 5 more ... | undefined; } & VNodeProps & AllowedComponentProps & ComponentCustomProps ...'

[96msrc/components/vip/index.vue[0m:[93m1245[0m:[93m13[0m - [91merror[0m[90m TS2322: [0mType 'true' is not assignable to type 'string | Icon | undefined'.

[7m1245[0m             icon
[7m    [0m [91m            ~~~~[0m

  [96m../node_modules/maz-ui/types/components/MazBtn.vue.d.ts[0m:[93m80[0m:[93m5[0m
    [7m80[0m     icon?: string | Icon;
    [7m  [0m [96m    ~~~~[0m
    The expected type comes from property 'icon' which is declared here on type '{ readonly variant?: "link" | "button" | undefined; readonly size?: Size | undefined; readonly color?: Color | undefined; readonly type?: "reset" | "submit" | "button" | undefined; ... 15 more ...; readonly justify?: "start" | ... 5 more ... | undefined; } & VNodeProps & AllowedComponentProps & ComponentCustomProps ...'

[96msrc/components/vip/mobile/MBonusDashboard.vue[0m:[93m5[0m:[93m25[0m - [91merror[0m[90m TS2307: [0mCannot find module '@/locale/index' or its corresponding type declarations.

[7m5[0m import { setLang } from "@/locale/index";
[7m [0m [91m                        ~~~~~~~~~~~~~~~~[0m

[96msrc/components/vip/mobile/MBonusDashboard.vue[0m:[93m6[0m:[93m28[0m - [91merror[0m[90m TS2307: [0mCannot find module 'vuetify' or its corresponding type declarations.

[7m6[0m import { useDisplay } from 'vuetify'
[7m [0m [91m                           ~~~~~~~~~[0m

[96msrc/components/vip/mobile/MBonusDashboard.vue[0m:[93m7[0m:[93m29[0m - [91merror[0m[90m TS2307: [0mCannot find module '@/store/appBar' or its corresponding type declarations.

[7m7[0m import { appBarStore } from "@/store/appBar";
[7m [0m [91m                            ~~~~~~~~~~~~~~~~[0m

[96msrc/components/vip/mobile/MBonusDashboard.vue[0m:[93m8[0m:[93m33[0m - [91merror[0m[90m TS2307: [0mCannot find module '@/store/loginBonus' or its corresponding type declarations.

[7m8[0m import { loginBonusStore } from "@/store/loginBonus";
[7m [0m [91m                                ~~~~~~~~~~~~~~~~~~~~[0m

[96msrc/components/vip/mobile/MBonusDashboard.vue[0m:[93m9[0m:[93m31[0m - [91merror[0m[90m TS2307: [0mCannot find module '@/store/refferal' or its corresponding type declarations.

[7m9[0m import { refferalStore } from "@/store/refferal";
[7m [0m [91m                              ~~~~~~~~~~~~~~~~~~[0m

[96msrc/components/vip/mobile/MBonusDashboard.vue[0m:[93m10[0m:[93m27[0m - [91merror[0m[90m TS2307: [0mCannot find module '@/store/mail' or its corresponding type declarations.

[7m10[0m import { mailStore } from "@/store/mail";
[7m  [0m [91m                          ~~~~~~~~~~~~~~[0m

[96msrc/components/vip/mobile/MBonusDashboard.vue[0m:[93m11[0m:[93m27[0m - [91merror[0m[90m TS2307: [0mCannot find module '@/store/game' or its corresponding type declarations.

[7m11[0m import { gameStore } from "@/store/game";
[7m  [0m [91m                          ~~~~~~~~~~~~~~[0m

[96msrc/components/vip/mobile/index.vue[0m:[93m5[0m:[93m29[0m - [91merror[0m[90m TS2307: [0mCannot find module '@/store/appBar' or its corresponding type declarations.

[7m5[0m import { appBarStore } from "@/store/appBar";
[7m [0m [91m                            ~~~~~~~~~~~~~~~~[0m

[96msrc/components/vip/mobile/index.vue[0m:[93m6[0m:[93m31[0m - [91merror[0m[90m TS2307: [0mCannot find module '@/store/refferal' or its corresponding type declarations.

[7m6[0m import { refferalStore } from '@/store/refferal';
[7m [0m [91m                              ~~~~~~~~~~~~~~~~~~[0m

[96msrc/components/vip/mobile/index.vue[0m:[93m12[0m:[93m28[0m - [91merror[0m[90m TS2307: [0mCannot find module 'vuetify' or its corresponding type declarations.

[7m12[0m import { useDisplay } from "vuetify";
[7m  [0m [91m                           ~~~~~~~~~[0m

[96msrc/components/vip/mobile/index.vue[0m:[93m13[0m:[93m26[0m - [91merror[0m[90m TS2307: [0mCannot find module '@/store/vip' or its corresponding type declarations.

[7m13[0m import { vipStore } from "@/store/vip";
[7m  [0m [91m                         ~~~~~~~~~~~~~[0m

[96msrc/components/vip/mobile/index.vue[0m:[93m14[0m:[93m27[0m - [91merror[0m[90m TS2307: [0mCannot find module '@/store/user' or its corresponding type declarations.

[7m14[0m import { userStore } from "@/store/user";
[7m  [0m [91m                          ~~~~~~~~~~~~~~[0m

[96msrc/components/vip/mobile/index.vue[0m:[93m15[0m:[93m39[0m - [91merror[0m[90m TS2307: [0mCannot find module '@/store/bonusTransaction' or its corresponding type declarations.

[7m15[0m import { bonusTransactionStore } from "@/store/bonusTransaction";
[7m  [0m [91m                                      ~~~~~~~~~~~~~~~~~~~~~~~~~~[0m

[96msrc/components/vip/mobile/index.vue[0m:[93m17[0m:[93m20[0m - [91merror[0m[90m TS2307: [0mCannot find module 'moment-timezone' or its corresponding type declarations.

[7m17[0m import moment from 'moment-timezone';
[7m  [0m [91m                   ~~~~~~~~~~~~~~~~~[0m

[96msrc/components/vip/mobile/index.vue[0m:[93m32[0m:[93m26[0m - [91merror[0m[90m TS2307: [0mCannot find module 'vue-timer-hook' or its corresponding type declarations.

[7m32[0m import { useTimer } from 'vue-timer-hook';
[7m  [0m [91m                         ~~~~~~~~~~~~~~~~[0m

[96msrc/components/vip/mobile/index.vue[0m:[93m399[0m:[93m28[0m - [91merror[0m[90m TS7006: [0mParameter 'item' implicitly has an 'any' type.

[7m399[0m     getVipLevels.value.map(item => {
[7m   [0m [91m                           ~~~~[0m

[96msrc/components/vip/mobile/index1.vue[0m:[93m5[0m:[93m26[0m - [91merror[0m[90m TS2307: [0mCannot find module '@/store/vip' or its corresponding type declarations.

[7m5[0m import { vipStore } from "@/store/vip";
[7m [0m [91m                         ~~~~~~~~~~~~~[0m

[96msrc/components/vip/mobile/index1.vue[0m:[93m40[0m:[93m38[0m - [91merror[0m[90m TS18047: [0m'vipNavigation.value' is possibly 'null'.

[7m40[0m         document.body.style.height = vipNavigation.value.getBoundingClientRect().height + 'px';
[7m  [0m [91m                                     ~~~~~~~~~~~~~~~~~~~[0m

[96msrc/components/vip/mobile/index1.vue[0m:[93m50[0m:[93m38[0m - [91merror[0m[90m TS18047: [0m'vipNavigation.value' is possibly 'null'.

[7m50[0m         document.body.style.height = vipNavigation.value.getBoundingClientRect().height + 'px';
[7m  [0m [91m                                     ~~~~~~~~~~~~~~~~~~~[0m

[96msrc/composables/useAnimationController.ts[0m:[93m3[0m:[93m15[0m - [91merror[0m[90m TS2305: [0mModule '"@/composables/EventManager"' has no exported member 'EventManagerInstance'.

[7m3[0m import { type EventManagerInstance, useEventManager } from '@/composables/EventManager';
[7m [0m [91m              ~~~~~~~~~~~~~~~~~~~~[0m

[96msrc/composables/useAnimationController.ts[0m:[93m7[0m:[93m75[0m - [91merror[0m[90m TS2307: [0mCannot find module '@/types/animation' or its corresponding type declarations.

[7m7[0m import type { AnimationConfig, AnimationControlPayload, SpriteData } from '@/types/animation';
[7m [0m [91m                                                                          ~~~~~~~~~~~~~~~~~~~[0m

[96msrc/composables/useAnimationController.ts[0m:[93m31[0m:[93m5[0m - [91merror[0m[90m TS2339: [0mProperty 'open' does not exist on type '{ status: Readonly<Ref<WebSocketStatus, WebSocketStatus>>; data: ComputedRef<any>; connect: () => Promise<void>; send: (messagePayload: any) => void; close: (isUserInitiated?: boolean) => void; onMessage: (callback: (message: WsMessage) => void) => void; }'.

[7m31[0m     open: wsOpen,
[7m  [0m [91m    ~~~~[0m

[96msrc/composables/useApiClient.ts[0m:[93m290[0m:[93m27[0m - [91merror[0m[90m TS2339: [0mProperty 'LEADERBOARD_PAGE' does not exist on type 'typeof NETWORK_CONFIG'.

[7m290[0m         `${NETWORK_CONFIG.LEADERBOARD_PAGE.LIST}${queryString ? '?' + queryString : ''}`,
[7m   [0m [91m                          ~~~~~~~~~~~~~~~~[0m

[96msrc/composables/useApiClient.ts[0m:[93m310[0m:[93m45[0m - [91merror[0m[90m TS2339: [0mProperty 'CURRENCY_PAGE' does not exist on type 'typeof NETWORK_CONFIG'.

[7m310[0m       request<BalanceType[]>(NETWORK_CONFIG.CURRENCY_PAGE.USER_BALANCE_LIST, 'GET'), // Assuming NETWORK_CONFIG.CURRENCY_PAGE.USER_BALANCE_LIST
[7m   [0m [91m                                            ~~~~~~~~~~~~~[0m

[96msrc/composables/useApiClient.ts[0m:[93m328[0m:[93m36[0m - [91merror[0m[90m TS2339: [0mProperty 'CURRENCY_PAGE' does not exist on type 'typeof NETWORK_CONFIG'.

[7m328[0m       request<void>(NETWORK_CONFIG.CURRENCY_PAGE.USER_TIP, 'POST', payload), // Assuming NETWORK_CONFIG.CURRENCY_PAGE.USER_TIP
[7m   [0m [91m                                   ~~~~~~~~~~~~~[0m

[96msrc/composables/useApiClient.ts[0m:[93m342[0m:[93m67[0m - [91merror[0m[90m TS2339: [0mProperty 'DETAIL' does not exist on type 'typeof TRANSACTION_PAGE'.

[7m342[0m       request<TransactionType>(`${NETWORK_CONFIG.TRANSACTION_PAGE.DETAIL}/${transactionId}`, 'GET'), // Assuming
[7m   [0m [91m                                                                  ~~~~~~[0m

[96msrc/composables/useAppWebsocket.ts[0m:[93m117[0m:[93m16[0m - [91merror[0m[90m TS2322: [0mType '(attempt: number) => number' is not assignable to type 'number'.

[7m117[0m         delay: (attempt: number) => Math.min(attempt * 2000, 30000), // Exponential backoff, max 30s
[7m   [0m [91m               ~~~~~~~~~~~~~~~~~~~~~~~~~~~~~~~~~~~~~~~~~~~~~~~~~~~~[0m

  [96msrc/composables/useAppWebsocket.ts[0m:[93m117[0m:[93m16[0m
    [7m117[0m         delay: (attempt: number) => Math.min(attempt * 2000, 30000), // Exponential backoff, max 30s
    [7m   [0m [96m               ~~~~~~~~~~~~~~~~~~~~~~~~~~~~~~~~~~~~~~~~~~~~~~~~~~~~[0m
    Did you mean to call this expression?

[96msrc/composables/useAppWebsocket.ts[0m:[93m177[0m:[93m17[0m - [91merror[0m[90m TS2339: [0mProperty 'error' does not exist on type 'UseWebSocketReturn<any>'.

[7m177[0m     watch(newWs.error, (errorEvent) => {
[7m   [0m [91m                ~~~~~[0m

[96msrc/composables/useLoading.ts[0m:[93m15[0m:[93m32[0m - [91merror[0m[90m TS7006: [0mParameter 'promise' implicitly has an 'any' type.

[7m15[0m     const withLoading = async (promise) => {
[7m  [0m [91m                               ~~~~~~~[0m

[96msrc/interface/auth.interface.ts[0m:[93m5[0m:[93m38[0m - [91merror[0m[90m TS2307: [0mCannot find module './interface/user' or its corresponding type declarations.

[7m5[0m import type { UserWithProfile } from './interface/user';
[7m [0m [91m                                     ~~~~~~~~~~~~~~~~~~[0m

[96msrc/interface/deposit.ts[0m:[93m1[0m:[93m45[0m - [91merror[0m[90m TS2307: [0mCannot find module '@cashflow/database/src/generated/interfaces' or its corresponding type declarations.

[7m1[0m import { EnumPaymentMethod, IProduct } from '@cashflow/database/src/generated/interfaces';
[7m [0m [91m                                            ~~~~~~~~~~~~~~~~~~~~~~~~~~~~~~~~~~~~~~~~~~~~~[0m

[96msrc/interface/user.ts[0m:[93m142[0m:[93m14[0m - [91merror[0m[90m TS2304: [0mCannot find name 'PrismaCurrency'.

[7m142[0m   Currency?: PrismaCurrency;
[7m   [0m [91m             ~~~~~~~~~~~~~~[0m

[96msrc/interface/user.ts[0m:[93m206[0m:[93m64[0m - [91merror[0m[90m TS2304: [0mCannot find name 'PrismaProfile'.

[7m206[0m   data: Partial<UserStatsUpdateData | ProfileStatsUpdateData | PrismaProfile | BalanceType>;
[7m   [0m [91m                                                               ~~~~~~~~~~~~~[0m

[96msrc/main.ts[0m:[93m16[0m:[93m37[0m - [91merror[0m[90m TS2306: [0mFile '/home/ash/Documents/cashflow/client/src/sdk/apiClient.ts' is not a module.

[7m16[0m import { initializeApiClient } from './sdk/apiClient';
[7m  [0m [91m                                    ~~~~~~~~~~~~~~~~~[0m

[96msrc/stores/auth.ts[0m:[93m31[0m:[93m27[0m - [91merror[0m[90m TS2304: [0mCannot find name 'UserType'.

[7m31[0m   const currentUser = ref<UserType | null>(null);
[7m  [0m [91m                          ~~~~~~~~[0m

[96msrc/stores/auth.ts[0m:[93m71[0m:[93m26[0m - [91merror[0m[90m TS2339: [0mProperty 'user' does not exist on type 'UserWithProfile'.

[7m71[0m       const user = _user.user;
[7m  [0m [91m                         ~~~~[0m

[96msrc/stores/currency.ts[0m:[93m6[0m:[93m25[0m - [91merror[0m[90m TS2306: [0mFile '/home/ash/Documents/cashflow/client/src/utils/Network.ts' is not a module.

[7m6[0m import { Network } from '@/utils/Network'
[7m [0m [91m                        ~~~~~~~~~~~~~~~~~[0m

[96msrc/stores/deposit.ts[0m:[93m4[0m:[93m10[0m - [91merror[0m[90m TS2724: [0m'"@cashflow/database"' has no exported member named 'IProduct'. Did you mean 'Product'?

[7m4[0m import { IProduct } from '@cashflow/database';
[7m [0m [91m         ~~~~~~~~[0m

[96msrc/stores/profile.ts[0m:[93m4[0m:[93m31[0m - [91merror[0m[90m TS2307: [0mCannot find module '../types/database.types' or its corresponding type declarations.

[7m4[0m import type { Database } from '../types/database.types'
[7m [0m [91m                              ~~~~~~~~~~~~~~~~~~~~~~~~~[0m

[96msrc/stores/vip.ts[0m:[93m51[0m:[93m37[0m - [91merror[0m[90m TS2724: [0m'"/home/ash/Documents/cashflow/packages/types/src/index"' has no exported member named 'vipBetawardListData'. Did you mean 'VipBetawardListData'?

[7m51[0m     const vipBetawardList = ref<Vip.vipBetawardListData>({} as Vip.vipBetawardListData); // Keeping type assertion as in original
[7m  [0m [91m                                    ~~~~~~~~~~~~~~~~~~~[0m

[96msrc/stores/vip.ts[0m:[93m51[0m:[93m68[0m - [91merror[0m[90m TS2724: [0m'"/home/ash/Documents/cashflow/packages/types/src/index"' has no exported member named 'vipBetawardListData'. Did you mean 'VipBetawardListData'?

[7m51[0m     const vipBetawardList = ref<Vip.vipBetawardListData>({} as Vip.vipBetawardListData); // Keeping type assertion as in original
[7m  [0m [91m                                                                   ~~~~~~~~~~~~~~~~~~~[0m

[96msrc/stores/vip.ts[0m:[93m138[0m:[93m43[0m - [91merror[0m[90m TS2724: [0m'"/home/ash/Documents/cashflow/packages/types/src/index"' has no exported member named 'vipBetawardListData'. Did you mean 'VipBetawardListData'?

[7m138[0m     const setVipBetawardList = (list: Vip.vipBetawardListData) => {
[7m   [0m [91m                                          ~~~~~~~~~~~~~~~~~~~[0m

[96msrc/stores/vip.ts[0m:[93m161[0m:[93m52[0m - [91merror[0m[90m TS2558: [0mExpected 0 type arguments, but got 1.

[7m161[0m         const response = await vipApi.getVipStatus<Vip.VipSignInData>('/vip/signin', 'GET');
[7m   [0m [91m                                                   ~~~~~~~~~~~~~~~~~[0m

[96msrc/stores/vip.ts[0m:[93m163[0m:[93m22[0m - [91merror[0m[90m TS2345: [0mArgument of type 'UserVipStatus' is not assignable to parameter of type 'VipSignInData'.
  Type 'UserVipStatus' is missing the following properties from type 'VipSignInData': award, signin_day, is_signin, limited_bet, and 2 more.

[7m163[0m         setVipSignIn(response);
[7m   [0m [91m                     ~~~~~~~~[0m

[96msrc/stores/vip.ts[0m:[93m320[0m:[93m30[0m - [91merror[0m[90m TS2345: [0mArgument of type 'UserVipStatus' is not assignable to parameter of type 'VipLevelUpReceiveData'.
  Type 'UserVipStatus' is missing the following properties from type 'VipLevelUpReceiveData': win_award, lose_award

[7m320[0m         setVipLevelUpReceive(receiveData);
[7m   [0m [91m                             ~~~~~~~~~~~[0m

[96msrc/stores/vip.ts[0m:[93m429[0m:[93m55[0m - [91merror[0m[90m TS2724: [0m'"/home/ash/Documents/cashflow/packages/types/src/index"' has no exported member named 'vipBetawardListData'. Did you mean 'VipBetawardListData'?

[7m429[0m         const list = await useApiClient().request<Vip.vipBetawardListData>(
[7m   [0m [91m                                                      ~~~~~~~~~~~~~~~~~~~[0m

[96msrc/utils/authUtil.ts[0m:[93m2[0m:[93m24[0m - [91merror[0m[90m TS2305: [0mModule '"@/stores/user"' has no exported member 'useUserStoreOutside'.

[7m2[0m import { useUserStore, useUserStoreOutside } from "@/stores/user";
[7m [0m [91m                       ~~~~~~~~~~~~~~~~~~~[0m

[96msrc/utils/authUtil.ts[0m:[93m40[0m:[93m18[0m - [91merror[0m[90m TS2345: [0mArgument of type 'string | undefined' is not assignable to parameter of type 'string'.
  Type 'undefined' is not assignable to type 'string'.

[7m40[0m     ? JSON.parse(Cookies.get(TokenKey))
[7m  [0m [91m                 ~~~~~~~~~~~~~~~~~~~~~[0m

[96msrc/utils/authUtil.ts[0m:[93m73[0m:[93m25[0m - [91merror[0m[90m TS7031: [0mBinding element 'id' implicitly has an 'any' type.

[7m73[0m   function setUserKey({ id, avatar, username, nickname, roles, permissions }) {
[7m  [0m [91m                        ~~[0m

[96msrc/utils/authUtil.ts[0m:[93m73[0m:[93m29[0m - [91merror[0m[90m TS7031: [0mBinding element 'avatar' implicitly has an 'any' type.

[7m73[0m   function setUserKey({ id, avatar, username, nickname, roles, permissions }) {
[7m  [0m [91m                            ~~~~~~[0m

[96msrc/utils/authUtil.ts[0m:[93m73[0m:[93m37[0m - [91merror[0m[90m TS7031: [0mBinding element 'username' implicitly has an 'any' type.

[7m73[0m   function setUserKey({ id, avatar, username, nickname, roles, permissions }) {
[7m  [0m [91m                                    ~~~~~~~~[0m

[96msrc/utils/authUtil.ts[0m:[93m73[0m:[93m47[0m - [91merror[0m[90m TS7031: [0mBinding element 'nickname' implicitly has an 'any' type.

[7m73[0m   function setUserKey({ id, avatar, username, nickname, roles, permissions }) {
[7m  [0m [91m                                              ~~~~~~~~[0m

[96msrc/utils/authUtil.ts[0m:[93m73[0m:[93m57[0m - [91merror[0m[90m TS7031: [0mBinding element 'roles' implicitly has an 'any' type.

[7m73[0m   function setUserKey({ id, avatar, username, nickname, roles, permissions }) {
[7m  [0m [91m                                                        ~~~~~[0m

[96msrc/utils/authUtil.ts[0m:[93m73[0m:[93m64[0m - [91merror[0m[90m TS7031: [0mBinding element 'permissions' implicitly has an 'any' type.

[7m73[0m   function setUserKey({ id, avatar, username, nickname, roles, permissions }) {
[7m  [0m [91m                                                               ~~~~~~~~~~~[0m

[96msrc/utils/browser-test-client.ts[0m:[93m16[0m:[93m31[0m - [91merror[0m[90m TS2306: [0mFile '/home/ash/Documents/cashflow/client/src/composables/useBetterAuth.ts' is not a module.

[7m16[0m import { useBetterAuth } from "../composables/useBetterAuth";
[7m  [0m [91m                              ~~~~~~~~~~~~~~~~~~~~~~~~~~~~~~[0m

[96msrc/utils/browser-test-client.ts[0m:[93m20[0m:[93m8[0m - [91merror[0m[90m TS2306: [0mFile '/home/ash/Documents/cashflow/client/src/composables/useCashflowSocket.ts' is not a module.

[7m20[0m } from "../composables/useCashflowSocket";
[7m  [0m [91m       ~~~~~~~~~~~~~~~~~~~~~~~~~~~~~~~~~~[0m

[96msrc/utils/browser-test-client.ts[0m:[93m25[0m:[93m3[0m - [91merror[0m[90m TS2724: [0m'"@cashflow/types"' has no exported member named 'ClientSession'. Did you mean 'GetSession'?

[7m25[0m   ClientSession,
[7m  [0m [91m  ~~~~~~~~~~~~~[0m

[96msrc/utils/browser-test-client.ts[0m:[93m33[0m:[93m26[0m - [91merror[0m[90m TS2306: [0mFile '/home/ash/Documents/cashflow/client/src/utils/wsClient.ts' is not a module.

[7m33[0m import { WSStatus } from "./wsClient";
[7m  [0m [91m                         ~~~~~~~~~~~~[0m

[96msrc/utils/browser-test-client.ts[0m:[93m323[0m:[93m10[0m - [91merror[0m[90m TS7006: [0mParameter 'payload' implicitly has an 'any' type.

[7m323[0m         (payload) => {
[7m   [0m [91m         ~~~~~~~[0m

[96msrc/utils/browser-test-client.ts[0m:[93m338[0m:[93m10[0m - [91merror[0m[90m TS7006: [0mParameter 'payload' implicitly has an 'any' type.

[7m338[0m         (payload) => {
[7m   [0m [91m         ~~~~~~~[0m

[96msrc/utils/browser-test-client.ts[0m:[93m348[0m:[93m10[0m - [91merror[0m[90m TS7006: [0mParameter 'payload' implicitly has an 'any' type.

[7m348[0m         (payload) => {
[7m   [0m [91m         ~~~~~~~[0m

[96msrc/utils/fetchApi.ts[0m:[93m3[0m:[93m10[0m - [91merror[0m[90m TS2305: [0mModule '"@cashflow/types"' has no exported member 'ApiAuthError'.

[7m3[0m import { ApiAuthError } from "@cashflow/types";
[7m [0m [91m         ~~~~~~~~~~~~[0m

[96msrc/utils/http.ts[0m:[93m1[0m:[93m24[0m - [91merror[0m[90m TS2305: [0mModule '"../stores/auth"' has no exported member 'useAuthStoreOutside'.

[7m1[0m import { useAuthStore, useAuthStoreOutside } from "../stores/auth";
[7m [0m [91m                       ~~~~~~~~~~~~~~~~~~~[0m

[96msrc/utils/http.ts[0m:[93m2[0m:[93m29[0m - [91merror[0m[90m TS2305: [0mModule '"../stores/user"' has no exported member 'UserData'.

[7m2[0m import { useUserStore, type UserData } from "../stores/user";
[7m [0m [91m                            ~~~~~~~~[0m

[96msrc/utils/http.ts[0m:[93m4[0m:[93m10[0m - [91merror[0m[90m TS2305: [0mModule '"@cashflow/types"' has no exported member 'ApiAuthError'.

[7m4[0m import { ApiAuthError } from "@cashflow/types";
[7m [0m [91m         ~~~~~~~~~~~~[0m

[96msrc/utils/local-storage.ts[0m:[93m1[0m:[93m26[0m - [91merror[0m[90m TS2307: [0mCannot find module '@@/constants/cache-key' or its corresponding type declarations.

[7m1[0m import { CacheKey } from '@@/constants/cache-key'
[7m [0m [91m                         ~~~~~~~~~~~~~~~~~~~~~~~~[0m

[96msrc/views/LoginView.vue[0m:[93m471[0m:[93m31[0m - [91merror[0m[90m TS2339: [0mProperty 'currentUser' does not exist on type 'Store<"user", Pick<{ profileUpdate: { isLoading: boolean; error: Error | null; data: UserWithProfile | null; }; cashtagUpdate: { isLoading: boolean; error: Error | null; data: UserWithProfile | null; }; ... 12 more ...; clearActionError: (this: UserStore, errorType: keyof UserState) => void; }, "referrals" | ... 5 m...'.

[7m471[0m         `Welcome, ${userStore.currentUser?.username || userStore.currentUser?.email || "user"}!` // Use userStore to get user info
[7m   [0m [91m                              ~~~~~~~~~~~[0m

[96msrc/views/LoginView.vue[0m:[93m471[0m:[93m66[0m - [91merror[0m[90m TS2339: [0mProperty 'currentUser' does not exist on type 'Store<"user", Pick<{ profileUpdate: { isLoading: boolean; error: Error | null; data: UserWithProfile | null; }; cashtagUpdate: { isLoading: boolean; error: Error | null; data: UserWithProfile | null; }; ... 12 more ...; clearActionError: (this: UserStore, errorType: keyof UserState) => void; }, "referrals" | ... 5 m...'.

[7m471[0m         `Welcome, ${userStore.currentUser?.username || userStore.currentUser?.email || "user"}!` // Use userStore to get user info
[7m   [0m [91m                                                                 ~~~~~~~~~~~[0m

[96msrc/views/LoginView.vue[0m:[93m497[0m:[93m15[0m - [91merror[0m[90m TS2339: [0mProperty 'setError' does not exist on type 'Store<"user", Pick<{ profileUpdate: { isLoading: boolean; error: Error | null; data: UserWithProfile | null; }; cashtagUpdate: { isLoading: boolean; error: Error | null; data: UserWithProfile | null; }; ... 12 more ...; clearActionError: (this: UserStore, errorType: keyof UserState) => void; }, "referrals" | ... 5 m...'.

[7m497[0m     userStore.setError(null); // Clear user store errors
[7m   [0m [91m              ~~~~~~~~[0m


Found 139 errors in 41 files.

Errors  Files
     2  src/App.vue[90m:46[0m
     1  src/components/AnimatedIcons/WheelIcon.vue[90m:8[0m
     1  src/components/common/GlassButton.vue[90m:6[0m
    26  src/components/common/VSprite.vue[90m:32[0m
     1  src/components/home/SettingsView.vue[90m:19[0m
     1  src/components/layout/FooterBar.vue[90m:18[0m
     1  src/components/layout/FooterBarMobile.vue[90m:18[0m
     4  src/components/layout/LayoutAuthenticated.vue[90m:100[0m
     2  src/components/layout/TopBar.vue[90m:17[0m
     4  src/components/layout/TopBarMobile.vue[90m:77[0m
     3  src/components/shop/SelectProduct.vue[90m:6[0m
     2  src/components/shop/ShopView.vue[90m:51[0m
     3  src/components/shop/StoreId.vue[90m:20[0m
     2  src/components/vip/components/benefits/index.vue[90m:5[0m
     4  src/components/vip/components/progress/index.vue[90m:6[0m
     1  src/components/vip/components/vip_bonus/index.vue[90m:5[0m
     1  src/components/vip/components/vip_upgrade_dialog/index.vue[90m:6[0m
     1  src/components/vip/components/vip_uprank_dialog/index.vue[90m:6[0m
    10  src/components/vip/index.vue[90m:514[0m
     7  src/components/vip/mobile/MBonusDashboard.vue[90m:5[0m
     9  src/components/vip/mobile/index.vue[90m:5[0m
     3  src/components/vip/mobile/index1.vue[90m:5[0m
     3  src/composables/useAnimationController.ts[90m:3[0m
     4  src/composables/useApiClient.ts[90m:290[0m
     2  src/composables/useAppWebsocket.ts[90m:117[0m
     1  src/composables/useLoading.ts[90m:15[0m
     1  src/interface/auth.interface.ts[90m:5[0m
     1  src/interface/deposit.ts[90m:1[0m
     2  src/interface/user.ts[90m:142[0m
     1  src/main.ts[90m:16[0m
     2  src/stores/auth.ts[90m:31[0m
     1  src/stores/currency.ts[90m:6[0m
     1  src/stores/deposit.ts[90m:4[0m
     1  src/stores/profile.ts[90m:4[0m
     7  src/stores/vip.ts[90m:51[0m
     8  src/utils/authUtil.ts[90m:2[0m
     7  src/utils/browser-test-client.ts[90m:16[0m
     1  src/utils/fetchApi.ts[90m:3[0m
     3  src/utils/http.ts[90m:1[0m
     1  src/utils/local-storage.ts[90m:1[0m
     3  src/views/LoginView.vue[90m:471[0m
